./error.rs,0,0,0,0,Safe(prob=1.00)
./error.rs,29,11,29,14,Safe(prob=1.00)
./error.rs,76,11,76,14,Safe(prob=1.00)
./error.rs,85,18,85,26,Safe(prob=1.00)
./error.rs,108,18,108,28,Safe(prob=1.00)
./error.rs,134,18,134,30,Safe(prob=1.00)
./error.rs,161,18,161,30,Safe(prob=1.00)
./error.rs,188,18,188,28,Safe(prob=1.00)
./error.rs,219,14,219,23,Safe(prob=1.00)
./error.rs,298,11,298,18,Safe(prob=1.00)
./error.rs,360,11,360,20,Safe(prob=1.00)
./error.rs,388,11,388,16,Safe(prob=1.00)
./error.rs,399,11,399,21,Safe(prob=1.00)
./error.rs,411,11,411,13,Safe(prob=1.00)
./error.rs,419,11,419,19,Safe(prob=1.00)
./error.rs,489,11,489,23,Safe(prob=1.00)
./error.rs,503,11,503,23,Safe(prob=1.00)
./error.rs,531,7,531,11,Safe(prob=1.00)
./error.rs,542,7,542,12,Safe(prob=1.00)
./error.rs,550,7,550,16,Safe(prob=1.00)
./error.rs,556,7,556,10,Safe(prob=1.00)
./error.rs,562,7,562,10,Safe(prob=1.00)
./error.rs,568,7,568,11,Unsafe(prob=1.00)
./error.rs,591,10,591,21,Unsafe(prob=1.00)
./error.rs,599,10,599,27,Unsafe(prob=1.00)
./error.rs,609,10,609,20,Unsafe(prob=1.00)
./error.rs,629,10,629,20,Unsafe(prob=1.00)
./error.rs,638,10,638,22,Unsafe(prob=1.00)
./error.rs,647,10,647,25,Unsafe(prob=1.00)
./error.rs,674,10,674,29,Safe(prob=1.00)
./error.rs,689,3,689,15,Unsafe(prob=1.00)
./error.rs,696,10,696,26,Unsafe(prob=1.00)
./error.rs,714,10,714,30,Unsafe(prob=1.00)
./error.rs,732,10,732,27,Unsafe(prob=1.00)
./error.rs,753,10,753,32,Unsafe(prob=1.00)
./error.rs,769,10,769,36,Unsafe(prob=1.00)
./error.rs,784,10,784,33,Unsafe(prob=1.00)
./error.rs,812,10,812,27,Unsafe(prob=1.00)
./error.rs,835,10,835,16,Unsafe(prob=0.99)
./error.rs,849,7,849,12,Unsafe(prob=1.00)
./error.rs,858,25,858,30,Unsafe(prob=1.00)
./error.rs,865,25,865,34,Safe(prob=1.00)
./error.rs,879,25,879,34,Safe(prob=1.00)
./error.rs,896,25,896,30,Safe(prob=1.00)
./error.rs,906,7,906,16,Safe(prob=1.00)
./error.rs,910,7,910,13,Safe(prob=1.00)
./error.rs,919,7,919,10,Safe(prob=1.00)
./error.rs,928,7,928,10,Safe(prob=1.00)
./error.rs,935,7,935,11,Safe(prob=1.00)
./error.rs,946,7,946,11,Safe(prob=1.00)
./error.rs,952,7,952,11,Unsafe(prob=1.00)
./error.rs,959,7,959,13,Unsafe(prob=1.00)
